<?xml version="1.0" encoding="UTF-8"?>
<!-- Generated by org.testng.reporters.JUnitXMLReporter -->
<testsuite hostname="Akash" ignored="3" name="Default test" tests="3" failures="0" timestamp="13 Apr 2019 15:08:06 GMT" time="115.213" errors="0">
  <testcase name="verify_FullSearchForm_option_test" time="14.735" classname="com.crmpro.qa.testcases.CRMHomePageTest"/>
  <testcase name="verify_New_combinedForm_option_test" time="15.529" classname="com.crmpro.qa.testcases.CRMHomePageTest"/>
  <testcase name="verify_New_company_option_test" time="18.401" classname="com.crmpro.qa.testcases.CRMHomePageTest"/>
  <testcase name="test_credential_using_prop" time="0.0" classname="com.crmpro.qa.testcases.CRMHomePageTest">
    <ignored/>
  </testcase> <!-- test_credential_using_prop -->
  <testcase name="verify_logout_link" time="0.0" classname="com.crmpro.qa.testcases.CRMHomePageTest">
    <ignored/>
  </testcase> <!-- verify_logout_link -->
  <testcase name="verify_New_company_Link" time="0.0" classname="com.crmpro.qa.testcases.CRMHomePageTest">
    <ignored/>
  </testcase> <!-- verify_New_company_Link -->
</testsuite> <!-- Default test -->
