<?xml version="1.0" encoding="UTF-8"?>
<!-- Generated by org.testng.reporters.JUnitXMLReporter -->
<testsuite hostname="Akash" ignored="0" name="Default test" tests="4" failures="0" timestamp="03 Mar 2019 10:30:33 GMT" time="199.81" errors="0">
  <testcase name="verify_Login_With_Invalid_Credentials" time="10.002" classname="com.crmpro.qa.testcases.CRMLoginPageTest"/>
  <testcase name="verify_Login_With_Invalid_Credentials" time="12.215" classname="com.crmpro.qa.testcases.CRMLoginPageTest"/>
  <testcase name="verify_Login_With_Invalid_Credentials" time="8.498" classname="com.crmpro.qa.testcases.CRMLoginPageTest"/>
  <testcase name="verify_Login_With_Valid_Credentials" time="24.819" classname="com.crmpro.qa.testcases.CRMLoginPageTest"/>
</testsuite> <!-- Default test -->
