<?xml version="1.0" encoding="UTF-8"?>
<testng-results skipped="0" failed="1" ignored="0" total="4" passed="3">
  <reporter-output>
  </reporter-output>
  <suite name="Default suite" duration-ms="71604" started-at="2019-03-02T19:51:17Z" finished-at="2019-03-02T19:52:28Z">
    <groups>
    </groups>
    <test name="Default test" duration-ms="71604" started-at="2019-03-02T19:51:17Z" finished-at="2019-03-02T19:52:28Z">
      <class name="com.crmpro.qa.testcases.CRMLoginPageTest">
        <test-method status="PASS" signature="start()[pri:0, instance:com.crmpro.qa.testcases.CRMLoginPageTest@3e6fa38a]" name="start" is-config="true" duration-ms="14594" started-at="2019-03-02T19:51:18Z" finished-at="2019-03-02T19:51:33Z">
          <reporter-output>
          </reporter-output>
        </test-method> <!-- start -->
        <test-method status="PASS" signature="verify_Login_With_Invalid_Credentials(java.lang.String, java.lang.String)[pri:0, instance:com.crmpro.qa.testcases.CRMLoginPageTest@3e6fa38a]" name="verify_Login_With_Invalid_Credentials" duration-ms="5835" started-at="2019-03-02T19:51:33Z" data-provider="dataP2" finished-at="2019-03-02T19:51:39Z">
          <params>
            <param index="0">
              <value>
                <![CDATA[dssdfsd]]>
              </value>
            </param>
            <param index="1">
              <value>
                <![CDATA[fdgdf]]>
              </value>
            </param>
          </params>
          <reporter-output>
          </reporter-output>
        </test-method> <!-- verify_Login_With_Invalid_Credentials -->
        <test-method status="PASS" signature="tearDown()[pri:0, instance:com.crmpro.qa.testcases.CRMLoginPageTest@3e6fa38a]" name="tearDown" is-config="true" duration-ms="894" started-at="2019-03-02T19:51:39Z" finished-at="2019-03-02T19:51:39Z">
          <reporter-output>
          </reporter-output>
        </test-method> <!-- tearDown -->
        <test-method status="PASS" signature="start()[pri:0, instance:com.crmpro.qa.testcases.CRMLoginPageTest@3e6fa38a]" name="start" is-config="true" duration-ms="10720" started-at="2019-03-02T19:51:39Z" finished-at="2019-03-02T19:51:50Z">
          <reporter-output>
          </reporter-output>
        </test-method> <!-- start -->
        <test-method status="FAIL" signature="verify_Login_With_Invalid_Credentials(java.lang.String, java.lang.String)[pri:0, instance:com.crmpro.qa.testcases.CRMLoginPageTest@3e6fa38a]" name="verify_Login_With_Invalid_Credentials" duration-ms="717" started-at="2019-03-02T19:51:50Z" data-provider="dataP2" finished-at="2019-03-02T19:51:51Z">
          <params>
            <param index="0">
              <value>
                <![CDATA[dsdc]]>
              </value>
            </param>
            <param index="1">
              <value>
                <![CDATA[  ]]>
              </value>
            </param>
          </params>
          <exception class="org.openqa.selenium.WebDriverException">
            <message>
              <![CDATA[unknown error: Element <input type="submit" value="Login" class="btn btn-small"> is not clickable at point (1182, 117). Other element would receive the click: <div id="preloader" style="opacity: 0.192136;">...</div>
  (Session info: chrome=72.0.3626.119)
  (Driver info: chromedriver=2.40.565498 (ea082db3280dd6843ebfb08a625e3eb905c4f5ab),platform=Windows NT 6.1.7600 x86_64) (WARNING: The server did not provide any stacktrace information)
Command duration or timeout: 0 milliseconds
Build info: version: '3.141.59', revision: 'e82be7d358', time: '2018-11-14T08:17:03'
System info: host: 'AKASH', ip: '192.168.43.113', os.name: 'Windows 7', os.arch: 'amd64', os.version: '6.1', java.version: '1.8.0_111'
Driver info: org.openqa.selenium.chrome.ChromeDriver
Capabilities {acceptInsecureCerts: false, acceptSslCerts: false, applicationCacheEnabled: false, browserConnectionEnabled: false, browserName: chrome, chrome: {chromedriverVersion: 2.40.565498 (ea082db3280dd6..., userDataDir: C:\Users\hp\AppData\Local\T...}, cssSelectorsEnabled: true, databaseEnabled: false, handlesAlerts: true, hasTouchScreen: false, javascriptEnabled: true, locationContextEnabled: true, mobileEmulationEnabled: false, nativeEvents: true, networkConnectionEnabled: false, pageLoadStrategy: normal, platform: XP, platformName: XP, rotatable: false, setWindowRect: true, takesHeapSnapshot: true, takesScreenshot: true, unexpectedAlertBehaviour: , unhandledPromptBehavior: , version: 72.0.3626.119, webStorageEnabled: true}
Session ID: 2a6198500ddc30b4286d90fcae03049c]]>
            </message>
            <full-stacktrace>
              <![CDATA[org.openqa.selenium.WebDriverException: unknown error: Element <input type="submit" value="Login" class="btn btn-small"> is not clickable at point (1182, 117). Other element would receive the click: <div id="preloader" style="opacity: 0.192136;">...</div>
  (Session info: chrome=72.0.3626.119)
  (Driver info: chromedriver=2.40.565498 (ea082db3280dd6843ebfb08a625e3eb905c4f5ab),platform=Windows NT 6.1.7600 x86_64) (WARNING: The server did not provide any stacktrace information)
Command duration or timeout: 0 milliseconds
Build info: version: '3.141.59', revision: 'e82be7d358', time: '2018-11-14T08:17:03'
System info: host: 'AKASH', ip: '192.168.43.113', os.name: 'Windows 7', os.arch: 'amd64', os.version: '6.1', java.version: '1.8.0_111'
Driver info: org.openqa.selenium.chrome.ChromeDriver
Capabilities {acceptInsecureCerts: false, acceptSslCerts: false, applicationCacheEnabled: false, browserConnectionEnabled: false, browserName: chrome, chrome: {chromedriverVersion: 2.40.565498 (ea082db3280dd6..., userDataDir: C:\Users\hp\AppData\Local\T...}, cssSelectorsEnabled: true, databaseEnabled: false, handlesAlerts: true, hasTouchScreen: false, javascriptEnabled: true, locationContextEnabled: true, mobileEmulationEnabled: false, nativeEvents: true, networkConnectionEnabled: false, pageLoadStrategy: normal, platform: XP, platformName: XP, rotatable: false, setWindowRect: true, takesHeapSnapshot: true, takesScreenshot: true, unexpectedAlertBehaviour: , unhandledPromptBehavior: , version: 72.0.3626.119, webStorageEnabled: true}
Session ID: 2a6198500ddc30b4286d90fcae03049c
at sun.reflect.NativeConstructorAccessorImpl.newInstance0(Native Method)
at sun.reflect.NativeConstructorAccessorImpl.newInstance(Unknown Source)
at sun.reflect.DelegatingConstructorAccessorImpl.newInstance(Unknown Source)
at java.lang.reflect.Constructor.newInstance(Unknown Source)
at org.openqa.selenium.remote.ErrorHandler.createThrowable(ErrorHandler.java:214)
at org.openqa.selenium.remote.ErrorHandler.throwIfResponseFailed(ErrorHandler.java:166)
at org.openqa.selenium.remote.http.JsonHttpResponseCodec.reconstructValue(JsonHttpResponseCodec.java:40)
at org.openqa.selenium.remote.http.AbstractHttpResponseCodec.decode(AbstractHttpResponseCodec.java:80)
at org.openqa.selenium.remote.http.AbstractHttpResponseCodec.decode(AbstractHttpResponseCodec.java:44)
at org.openqa.selenium.remote.HttpCommandExecutor.execute(HttpCommandExecutor.java:158)
at org.openqa.selenium.remote.service.DriverCommandExecutor.execute(DriverCommandExecutor.java:83)
at org.openqa.selenium.remote.RemoteWebDriver.execute(RemoteWebDriver.java:552)
at org.openqa.selenium.remote.RemoteWebElement.execute(RemoteWebElement.java:285)
at org.openqa.selenium.remote.RemoteWebElement.click(RemoteWebElement.java:84)
at sun.reflect.NativeMethodAccessorImpl.invoke0(Native Method)
at sun.reflect.NativeMethodAccessorImpl.invoke(Unknown Source)
at sun.reflect.DelegatingMethodAccessorImpl.invoke(Unknown Source)
at java.lang.reflect.Method.invoke(Unknown Source)
at org.openqa.selenium.support.pagefactory.internal.LocatingElementHandler.invoke(LocatingElementHandler.java:51)
at com.sun.proxy.$Proxy10.click(Unknown Source)
at com.crmpro.qa.pages.LoginPage.getLogin(LoginPage.java:33)
at com.crmpro.qa.pages.LoginPage.login_with_Invalid_credentials(LoginPage.java:41)
at com.crmpro.qa.testcases.CRMLoginPageTest.verify_Login_With_Invalid_Credentials(CRMLoginPageTest.java:31)
at sun.reflect.NativeMethodAccessorImpl.invoke0(Native Method)
at sun.reflect.NativeMethodAccessorImpl.invoke(Unknown Source)
at sun.reflect.DelegatingMethodAccessorImpl.invoke(Unknown Source)
at java.lang.reflect.Method.invoke(Unknown Source)
at org.testng.internal.MethodInvocationHelper.invokeMethod(MethodInvocationHelper.java:124)
at org.testng.internal.Invoker.invokeMethod(Invoker.java:583)
at org.testng.internal.Invoker.invokeTestMethod(Invoker.java:719)
at org.testng.internal.Invoker.invokeTestMethods(Invoker.java:989)
at org.testng.internal.TestMethodWorker.invokeTestMethods(TestMethodWorker.java:125)
at org.testng.internal.TestMethodWorker.run(TestMethodWorker.java:109)
at org.testng.TestRunner.privateRun(TestRunner.java:648)
at org.testng.TestRunner.run(TestRunner.java:505)
at org.testng.SuiteRunner.runTest(SuiteRunner.java:455)
at org.testng.SuiteRunner.runSequentially(SuiteRunner.java:450)
at org.testng.SuiteRunner.privateRun(SuiteRunner.java:415)
at org.testng.SuiteRunner.run(SuiteRunner.java:364)
at org.testng.SuiteRunnerWorker.runSuite(SuiteRunnerWorker.java:52)
at org.testng.SuiteRunnerWorker.run(SuiteRunnerWorker.java:84)
at org.testng.TestNG.runSuitesSequentially(TestNG.java:1208)
at org.testng.TestNG.runSuitesLocally(TestNG.java:1137)
at org.testng.TestNG.runSuites(TestNG.java:1049)
at org.testng.TestNG.run(TestNG.java:1017)
at org.testng.remote.AbstractRemoteTestNG.run(AbstractRemoteTestNG.java:114)
at org.testng.remote.RemoteTestNG.initAndRun(RemoteTestNG.java:251)
at org.testng.remote.RemoteTestNG.main(RemoteTestNG.java:77)
]]>
            </full-stacktrace>
          </exception> <!-- org.openqa.selenium.WebDriverException -->
          <reporter-output>
          </reporter-output>
        </test-method> <!-- verify_Login_With_Invalid_Credentials -->
        <test-method status="PASS" signature="tearDown()[pri:0, instance:com.crmpro.qa.testcases.CRMLoginPageTest@3e6fa38a]" name="tearDown" is-config="true" duration-ms="752" started-at="2019-03-02T19:51:51Z" finished-at="2019-03-02T19:51:52Z">
          <reporter-output>
          </reporter-output>
        </test-method> <!-- tearDown -->
        <test-method status="PASS" signature="start()[pri:0, instance:com.crmpro.qa.testcases.CRMLoginPageTest@3e6fa38a]" name="start" is-config="true" duration-ms="10716" started-at="2019-03-02T19:51:52Z" finished-at="2019-03-02T19:52:02Z">
          <reporter-output>
          </reporter-output>
        </test-method> <!-- start -->
        <test-method status="PASS" signature="verify_Login_With_Invalid_Credentials(java.lang.String, java.lang.String)[pri:0, instance:com.crmpro.qa.testcases.CRMLoginPageTest@3e6fa38a]" name="verify_Login_With_Invalid_Credentials" duration-ms="5655" started-at="2019-03-02T19:52:02Z" data-provider="dataP2" finished-at="2019-03-02T19:52:08Z">
          <params>
            <param index="0">
              <value>
                <![CDATA[   ]]>
              </value>
            </param>
            <param index="1">
              <value>
                <![CDATA[Aksah]]>
              </value>
            </param>
          </params>
          <reporter-output>
          </reporter-output>
        </test-method> <!-- verify_Login_With_Invalid_Credentials -->
        <test-method status="PASS" signature="tearDown()[pri:0, instance:com.crmpro.qa.testcases.CRMLoginPageTest@3e6fa38a]" name="tearDown" is-config="true" duration-ms="740" started-at="2019-03-02T19:52:08Z" finished-at="2019-03-02T19:52:09Z">
          <reporter-output>
          </reporter-output>
        </test-method> <!-- tearDown -->
        <test-method status="PASS" signature="start()[pri:0, instance:com.crmpro.qa.testcases.CRMLoginPageTest@3e6fa38a]" name="start" is-config="true" duration-ms="10825" started-at="2019-03-02T19:52:09Z" finished-at="2019-03-02T19:52:20Z">
          <reporter-output>
          </reporter-output>
        </test-method> <!-- start -->
        <test-method status="PASS" signature="verify_Login_With_Valid_Credentials(java.lang.String, java.lang.String)[pri:0, instance:com.crmpro.qa.testcases.CRMLoginPageTest@3e6fa38a]" name="verify_Login_With_Valid_Credentials" duration-ms="7528" started-at="2019-03-02T19:52:20Z" data-provider="dataP1" finished-at="2019-03-02T19:52:27Z">
          <params>
            <param index="0">
              <value>
                <![CDATA[AkashS]]>
              </value>
            </param>
            <param index="1">
              <value>
                <![CDATA[Akash@1993]]>
              </value>
            </param>
          </params>
          <reporter-output>
          </reporter-output>
        </test-method> <!-- verify_Login_With_Valid_Credentials -->
        <test-method status="PASS" signature="tearDown()[pri:0, instance:com.crmpro.qa.testcases.CRMLoginPageTest@3e6fa38a]" name="tearDown" is-config="true" duration-ms="1014" started-at="2019-03-02T19:52:27Z" finished-at="2019-03-02T19:52:28Z">
          <reporter-output>
          </reporter-output>
        </test-method> <!-- tearDown -->
      </class> <!-- com.crmpro.qa.testcases.CRMLoginPageTest -->
    </test> <!-- Default test -->
  </suite> <!-- Default suite -->
</testng-results>
