<?xml version="1.0" encoding="UTF-8"?>
<testng-results skipped="0" failed="0" ignored="3" total="6" passed="3">
  <reporter-output>
  </reporter-output>
  <suite name="Default suite" duration-ms="115213" started-at="2019-04-13T15:06:11Z" finished-at="2019-04-13T15:08:06Z">
    <groups>
    </groups>
    <test name="Default test" duration-ms="115213" started-at="2019-04-13T15:06:11Z" finished-at="2019-04-13T15:08:06Z">
      <class name="com.crmpro.qa.testcases.CRMHomePageTest">
        <test-method status="PASS" signature="start()[pri:0, instance:com.crmpro.qa.testcases.CRMHomePageTest@5e3a8624]" name="start" is-config="true" duration-ms="18124" started-at="2019-04-13T15:06:11Z" finished-at="2019-04-13T15:06:29Z">
          <reporter-output>
          </reporter-output>
        </test-method> <!-- start -->
        <test-method status="PASS" signature="verify_FullSearchForm_option_test()[pri:0, instance:com.crmpro.qa.testcases.CRMHomePageTest@5e3a8624]" name="verify_FullSearchForm_option_test" duration-ms="14735" started-at="2019-04-13T15:06:29Z" finished-at="2019-04-13T15:06:44Z">
          <reporter-output>
          </reporter-output>
        </test-method> <!-- verify_FullSearchForm_option_test -->
        <test-method status="PASS" signature="tearDown()[pri:0, instance:com.crmpro.qa.testcases.CRMHomePageTest@5e3a8624]" name="tearDown" is-config="true" duration-ms="890" started-at="2019-04-13T15:06:44Z" finished-at="2019-04-13T15:06:45Z">
          <reporter-output>
          </reporter-output>
        </test-method> <!-- tearDown -->
        <test-method status="PASS" signature="start()[pri:0, instance:com.crmpro.qa.testcases.CRMHomePageTest@5e3a8624]" name="start" is-config="true" duration-ms="24621" started-at="2019-04-13T15:06:45Z" finished-at="2019-04-13T15:07:09Z">
          <reporter-output>
          </reporter-output>
        </test-method> <!-- start -->
        <test-method status="PASS" signature="verify_New_combinedForm_option_test()[pri:0, instance:com.crmpro.qa.testcases.CRMHomePageTest@5e3a8624]" name="verify_New_combinedForm_option_test" duration-ms="15529" started-at="2019-04-13T15:07:09Z" finished-at="2019-04-13T15:07:25Z">
          <reporter-output>
          </reporter-output>
        </test-method> <!-- verify_New_combinedForm_option_test -->
        <test-method status="PASS" signature="tearDown()[pri:0, instance:com.crmpro.qa.testcases.CRMHomePageTest@5e3a8624]" name="tearDown" is-config="true" duration-ms="740" started-at="2019-04-13T15:07:25Z" finished-at="2019-04-13T15:07:26Z">
          <reporter-output>
          </reporter-output>
        </test-method> <!-- tearDown -->
        <test-method status="PASS" signature="start()[pri:0, instance:com.crmpro.qa.testcases.CRMHomePageTest@5e3a8624]" name="start" is-config="true" duration-ms="21364" started-at="2019-04-13T15:07:26Z" finished-at="2019-04-13T15:07:47Z">
          <reporter-output>
          </reporter-output>
        </test-method> <!-- start -->
        <test-method status="PASS" signature="verify_New_company_option_test()[pri:0, instance:com.crmpro.qa.testcases.CRMHomePageTest@5e3a8624]" name="verify_New_company_option_test" duration-ms="18401" started-at="2019-04-13T15:07:47Z" finished-at="2019-04-13T15:08:05Z">
          <reporter-output>
          </reporter-output>
        </test-method> <!-- verify_New_company_option_test -->
        <test-method status="PASS" signature="tearDown()[pri:0, instance:com.crmpro.qa.testcases.CRMHomePageTest@5e3a8624]" name="tearDown" is-config="true" duration-ms="728" started-at="2019-04-13T15:08:05Z" finished-at="2019-04-13T15:08:06Z">
          <reporter-output>
          </reporter-output>
        </test-method> <!-- tearDown -->
      </class> <!-- com.crmpro.qa.testcases.CRMHomePageTest -->
    </test> <!-- Default test -->
  </suite> <!-- Default suite -->
</testng-results>
